<?xml version="1.0" encoding="UTF-8"?>
<testng-results ignored="0" total="4" passed="3" failed="1" skipped="0">
  <reporter-output>
  </reporter-output>
  <suite started-at="2023-03-05T16:20:39 IST" name="Default suite" finished-at="2023-03-05T16:21:26 IST" duration-ms="46948">
    <groups>
    </groups>
    <test started-at="2023-03-05T16:20:39 IST" name="Default test" finished-at="2023-03-05T16:21:26 IST" duration-ms="46948">
      <class name="com.qa.ictakTestCases.PartnershipPageValidation">
        <test-method is-config="true" signature="settingup()[pri:0, instance:com.qa.ictakTestCases.PartnershipPageValidation@595b007d]" started-at="2023-03-05T16:20:39 IST" name="settingup" finished-at="2023-03-05T16:20:52 IST" duration-ms="12888" status="PASS">
          <reporter-output>
          </reporter-output>
        </test-method> <!-- settingup -->
        <test-method signature="partnershipPageValidation_TC_401()[pri:1, instance:com.qa.ictakTestCases.PartnershipPageValidation@595b007d]" started-at="2023-03-05T16:20:52 IST" name="partnershipPageValidation_TC_401" finished-at="2023-03-05T16:20:54 IST" duration-ms="1469" status="PASS">
          <reporter-output>
          </reporter-output>
        </test-method> <!-- partnershipPageValidation_TC_401 -->
        <test-method signature="partnershipPageValidation_TC_402()[pri:2, instance:com.qa.ictakTestCases.PartnershipPageValidation@595b007d]" started-at="2023-03-05T16:20:54 IST" name="partnershipPageValidation_TC_402" finished-at="2023-03-05T16:20:56 IST" duration-ms="2441" status="PASS">
          <reporter-output>
          </reporter-output>
        </test-method> <!-- partnershipPageValidation_TC_402 -->
        <test-method signature="partnershipPageValidation_TC_403()[pri:3, instance:com.qa.ictakTestCases.PartnershipPageValidation@595b007d]" started-at="2023-03-05T16:20:56 IST" name="partnershipPageValidation_TC_403" finished-at="2023-03-05T16:21:23 IST" duration-ms="26352" status="PASS">
          <reporter-output>
          </reporter-output>
        </test-method> <!-- partnershipPageValidation_TC_403 -->
        <test-method signature="partnershipPageValidation_TC_404()[pri:4, instance:com.qa.ictakTestCases.PartnershipPageValidation@595b007d]" started-at="2023-03-05T16:21:23 IST" name="partnershipPageValidation_TC_404" finished-at="2023-03-05T16:21:25 IST" duration-ms="2647" status="FAIL">
          <exception class="java.lang.AssertionError">
            <message>
              <![CDATA[expected [Required fields cannot be empty] but found [Registration Successfull]]]>
            </message>
            <full-stacktrace>
              <![CDATA[java.lang.AssertionError: expected [Required fields cannot be empty] but found [Registration Successfull]
at org.testng.Assert.fail(Assert.java:99)
at org.testng.Assert.failNotEquals(Assert.java:1037)
at org.testng.Assert.assertEqualsImpl(Assert.java:140)
at org.testng.Assert.assertEquals(Assert.java:122)
at org.testng.Assert.assertEquals(Assert.java:629)
at org.testng.Assert.assertEquals(Assert.java:639)
at com.qa.ictakTestCases.PartnershipPageValidation.partnershipPageValidation_TC_404(PartnershipPageValidation.java:139)
at java.base/jdk.internal.reflect.NativeMethodAccessorImpl.invoke0(Native Method)
at java.base/jdk.internal.reflect.NativeMethodAccessorImpl.invoke(NativeMethodAccessorImpl.java:77)
at java.base/jdk.internal.reflect.DelegatingMethodAccessorImpl.invoke(DelegatingMethodAccessorImpl.java:43)
at java.base/java.lang.reflect.Method.invoke(Method.java:568)
at org.testng.internal.MethodInvocationHelper.invokeMethod(MethodInvocationHelper.java:133)
at org.testng.internal.TestInvoker.invokeMethod(TestInvoker.java:598)
at org.testng.internal.TestInvoker.invokeTestMethod(TestInvoker.java:173)
at org.testng.internal.MethodRunner.runInSequence(MethodRunner.java:46)
at org.testng.internal.TestInvoker$MethodInvocationAgent.invoke(TestInvoker.java:824)
at org.testng.internal.TestInvoker.invokeTestMethods(TestInvoker.java:146)
at org.testng.internal.TestMethodWorker.invokeTestMethods(TestMethodWorker.java:146)
at org.testng.internal.TestMethodWorker.run(TestMethodWorker.java:128)
at java.base/java.util.ArrayList.forEach(ArrayList.java:1511)
at org.testng.TestRunner.privateRun(TestRunner.java:794)
at org.testng.TestRunner.run(TestRunner.java:596)
at org.testng.SuiteRunner.runTest(SuiteRunner.java:377)
at org.testng.SuiteRunner.runSequentially(SuiteRunner.java:371)
at org.testng.SuiteRunner.privateRun(SuiteRunner.java:332)
at org.testng.SuiteRunner.run(SuiteRunner.java:276)
at org.testng.SuiteRunnerWorker.runSuite(SuiteRunnerWorker.java:53)
at org.testng.SuiteRunnerWorker.run(SuiteRunnerWorker.java:96)
at org.testng.TestNG.runSuitesSequentially(TestNG.java:1212)
at org.testng.TestNG.runSuitesLocally(TestNG.java:1134)
at org.testng.TestNG.runSuites(TestNG.java:1063)
at org.testng.TestNG.run(TestNG.java:1031)
at org.testng.remote.AbstractRemoteTestNG.run(AbstractRemoteTestNG.java:115)
at org.testng.remote.RemoteTestNG.initAndRun(RemoteTestNG.java:251)
at org.testng.remote.RemoteTestNG.main(RemoteTestNG.java:77)
]]>
            </full-stacktrace>
          </exception> <!-- java.lang.AssertionError -->
          <reporter-output>
          </reporter-output>
        </test-method> <!-- partnershipPageValidation_TC_404 -->
        <test-method is-config="true" signature="tearDown()[pri:0, instance:com.qa.ictakTestCases.PartnershipPageValidation@595b007d]" started-at="2023-03-05T16:21:25 IST" name="tearDown" finished-at="2023-03-05T16:21:26 IST" duration-ms="938" status="PASS">
          <reporter-output>
          </reporter-output>
        </test-method> <!-- tearDown -->
      </class> <!-- com.qa.ictakTestCases.PartnershipPageValidation -->
    </test> <!-- Default test -->
  </suite> <!-- Default suite -->
</testng-results>
